2714:APP_OPEN:startTime=1769058408176
5447:GENERAL_SHOW_PERSPECTIVE:perspective=org.jkiss.dbeaver.core.perspective
5447:GENERAL_VIEW_OPEN:view=org.jkiss.dbeaver.core.databaseNavigator
5447:GENERAL_VIEW_OPEN:view=org.jkiss.dbeaver.core.projectExplorer
6017:SQL_EDITOR_OPEN:driver=mysql:mysql8
6259:CONNECTION_OPEN:origin=local&driver=mysql:mysql8
10399:SQL_EDITOR_EXECUTE_QUERY
10411:CONNECTION_OPEN:origin=local&driver=mysql:mysql8
12276:SQL_EDITOR_EXECUTE_QUERY
12276:CONNECTION_OPEN:origin=local&driver=mysql:mysql8
26385:SQL_EDITOR_EXECUTE_QUERY
26386:CONNECTION_OPEN:origin=local&driver=mysql:mysql8
54334:SQL_EDITOR_EXECUTE_QUERY
54337:CONNECTION_OPEN:origin=local&driver=mysql:mysql8
89972:SQL_EDITOR_EXECUTE_QUERY
89974:CONNECTION_OPEN:origin=local&driver=mysql:mysql8
102002:SQL_EDITOR_EXECUTE_QUERY
102003:CONNECTION_OPEN:origin=local&driver=mysql:mysql8
134100:CONNECTION_CREATE:driver=mysql:mysql8
138846:SQL_EDITOR_EXECUTE_QUERY
138848:CONNECTION_OPEN:origin=local&driver=mysql:mysql8
141871:CONNECTION_OPEN:origin=local&driver=mysql:mysql8
144149:CONNECTION_OPEN:origin=local&driver=mysql:mysql8
192709:GENERAL_VIEW_OPEN:view=org.jkiss.dbeaver.core.projectNavigator
192791:GENERAL_VIEW_CLOSE:view=org.jkiss.dbeaver.core.databaseNavigator
202690:GENERAL_VIEW_OPEN:view=org.jkiss.dbeaver.core.databaseNavigator
213450:CONNECTION_OPEN:origin=local&driver=mysql:mysql8
219866:CONNECTION_EDIT:driver=mysql:mysql8
239408:CONNECTION_EDIT:driver=mysql:mysql8
246670:CONNECTION_TEST:driver=mysql:mysql8
250868:SQL_EDITOR_EXECUTE_QUERY
250868:CONNECTION_OPEN:origin=local&driver=mysql:mysql8
255313:SQL_EDITOR_EXECUTE_QUERY
256976:SQL_EDITOR_EXECUTE_QUERY
258059:SQL_EDITOR_EXECUTE_QUERY
258916:SQL_EDITOR_EXECUTE_QUERY
327478:SQL_EDITOR_EXECUTE_QUERY
328738:SQL_EDITOR_EXECUTE_QUERY
423589:SQL_EDITOR_EXECUTE_QUERY
473269:SQL_EDITOR_EXECUTE_QUERY
661595:SQL_EDITOR_EXECUTE_QUERY
666055:SQL_EDITOR_EXECUTE_QUERY
666319:SQL_EDITOR_EXECUTE_QUERY
666672:SQL_EDITOR_EXECUTE_QUERY
666924:SQL_EDITOR_EXECUTE_QUERY
667188:SQL_EDITOR_EXECUTE_QUERY
668372:SQL_EDITOR_EXECUTE_QUERY
1948291:SQL_EDITOR_EXECUTE_QUERY
2199247:SQL_EDITOR_EXECUTE_QUERY
2215193:SQL_EDITOR_EXECUTE_QUERY
2216277:SQL_EDITOR_EXECUTE_QUERY
2216844:SQL_EDITOR_EXECUTE_QUERY
2217283:SQL_EDITOR_EXECUTE_QUERY
2243535:SQL_EDITOR_EXECUTE_QUERY
2244429:SQL_EDITOR_EXECUTE_QUERY
2245207:SQL_EDITOR_EXECUTE_QUERY
2262593:SQL_EDITOR_EXECUTE_QUERY
2269385:SQL_EDITOR_EXECUTE_QUERY
2269962:SQL_EDITOR_EXECUTE_QUERY
2280365:SQL_EDITOR_EXECUTE_QUERY
2282243:SQL_EDITOR_EXECUTE_QUERY
2283944:SQL_EDITOR_EXECUTE_QUERY
2285833:SQL_EDITOR_EXECUTE_QUERY
2538401:SQL_EDITOR_EXECUTE_QUERY
2640203:SQL_EDITOR_EXECUTE_QUERY
2649966:SQL_EDITOR_EXECUTE_QUERY
2657536:SQL_EDITOR_EXECUTE_QUERY
2730846:SQL_EDITOR_EXECUTE_QUERY
2739046:SQL_EDITOR_EXECUTE_QUERY
2740909:SQL_EDITOR_EXECUTE_QUERY
2745117:SQL_EDITOR_EXECUTE_QUERY
2748430:SQL_EDITOR_EXECUTE_QUERY
2769710:SQL_EDITOR_EXECUTE_QUERY
2777241:SQL_EDITOR_EXECUTE_QUERY
2778081:SQL_EDITOR_EXECUTE_QUERY
2779278:SQL_EDITOR_EXECUTE_QUERY
2784018:SQL_EDITOR_EXECUTE_QUERY
2785816:SQL_EDITOR_EXECUTE_QUERY
2787655:SQL_EDITOR_EXECUTE_QUERY
3690438:SQL_EDITOR_EXECUTE_QUERY
3691948:SQL_EDITOR_EXECUTE_QUERY
3726071:SQL_EDITOR_EXECUTE_QUERY
3730631:SQL_EDITOR_EXECUTE_QUERY
3733515:SQL_EDITOR_EXECUTE_QUERY
3736022:SQL_EDITOR_EXECUTE_QUERY
3756655:SQL_EDITOR_EXECUTE_QUERY
3765688:SQL_EDITOR_EXECUTE_QUERY
3767148:SQL_EDITOR_EXECUTE_QUERY
3801019:SQL_EDITOR_EXECUTE_QUERY
3821273:SQL_EDITOR_EXECUTE_QUERY
3822736:SQL_EDITOR_EXECUTE_QUERY
3825604:SQL_EDITOR_EXECUTE_QUERY
3827131:SQL_EDITOR_EXECUTE_QUERY
3831883:SQL_EDITOR_EXECUTE_QUERY
3833631:SQL_EDITOR_EXECUTE_QUERY
3910090:SQL_EDITOR_EXECUTE_QUERY
3966634:SQL_EDITOR_EXECUTE_QUERY
3970880:SQL_EDITOR_EXECUTE_QUERY
3971427:SQL_EDITOR_EXECUTE_QUERY
3971635:SQL_EDITOR_EXECUTE_QUERY
3971824:SQL_EDITOR_EXECUTE_QUERY
3971998:SQL_EDITOR_EXECUTE_QUERY
3974092:SQL_EDITOR_EXECUTE_QUERY
3975906:SQL_EDITOR_EXECUTE_QUERY_NEW
3975978:SQL_EDITOR_EXECUTE_QUERY
3986701:SQL_EDITOR_EXECUTE_QUERY
3990769:SQL_EDITOR_EXECUTE_QUERY
3991757:SQL_EDITOR_EXECUTE_QUERY
3993189:SQL_EDITOR_EXECUTE_QUERY
3997483:SQL_EDITOR_EXECUTE_QUERY
5052028:SQL_SCRIPT_NEW
5052205:SQL_EDITOR_OPEN:driver=mysql:mysql8
5079639:SQL_EDITOR_OPEN:driver=mysql:mysql8
6372074:SQL_SCRIPT_NEW
6372240:SQL_EDITOR_OPEN:driver=mysql:mysql8
6484287:SQL_EDITOR_EXECUTE_QUERY
6522217:SQL_EDITOR_EXECUTE_QUERY
6533541:SQL_EDITOR_EXECUTE_QUERY
6585324:SQL_EDITOR_EXECUTE_QUERY
6607207:RESULT_SET_SCROLL
6697111:SQL_EDITOR_EXECUTE_QUERY
6745971:SQL_EDITOR_EXECUTE_QUERY
6770053:SQL_EDITOR_EXECUTE_QUERY
6810060:SQL_EDITOR_OPEN:driver=mysql:mysql8
6811625:CONNECTION_OPEN:origin=local&driver=mysql:mysql8
6827342:ENTITY_EDITOR_OPEN:className=MySQLTable&driver=mysql:mysql8
6830638:DATA_EDIT_OPEN:objectType=MySQLTable
6862670:SQL_EDITOR_EXECUTE_QUERY
6961349:SQL_EDITOR_EXECUTE_QUERY
7012664:SQL_EDITOR_EXECUTE_QUERY
7013558:SQL_EDITOR_EXECUTE_QUERY
7013936:SQL_EDITOR_EXECUTE_QUERY
7014160:SQL_EDITOR_EXECUTE_QUERY
7231541:SQL_EDITOR_EXECUTE_QUERY
7238973:SQL_EDITOR_EXECUTE_QUERY
7239413:SQL_EDITOR_EXECUTE_QUERY
7239617:SQL_EDITOR_EXECUTE_QUERY
7239779:SQL_EDITOR_EXECUTE_QUERY
7290970:SQL_EDITOR_OPEN:driver=mysql:mysql8
7328026:SQL_EDITOR_EXECUTE_QUERY
7339601:SQL_EDITOR_EXECUTE_QUERY
7340195:SQL_EDITOR_EXECUTE_QUERY
7340381:SQL_EDITOR_EXECUTE_QUERY
7340560:SQL_EDITOR_EXECUTE_QUERY
7340707:SQL_EDITOR_EXECUTE_QUERY
7368257:SQL_EDITOR_EXECUTE_QUERY
7368685:SQL_EDITOR_EXECUTE_QUERY
7368913:SQL_EDITOR_EXECUTE_QUERY
7369146:SQL_EDITOR_EXECUTE_QUERY
7369352:SQL_EDITOR_EXECUTE_QUERY
7381130:SQL_EDITOR_EXECUTE_QUERY
7389331:SQL_EDITOR_EXECUTE_QUERY
7470826:SQL_EDITOR_EXECUTE_QUERY
7481217:ENTITY_EDITOR_OPEN:className=MySQLCatalog&driver=mysql:mysql8
7538805:SQL_EDITOR_EXECUTE_QUERY
7539608:SQL_EDITOR_EXECUTE_QUERY
7539850:SQL_EDITOR_EXECUTE_QUERY
7540038:SQL_EDITOR_EXECUTE_QUERY
7540196:SQL_EDITOR_EXECUTE_QUERY
7540329:SQL_EDITOR_EXECUTE_QUERY
7548214:SQL_EDITOR_EXECUTE_QUERY
7598439:ENTITY_EDITOR_OPEN:className=MySQLCatalog&driver=mysql:mysql8
7772648:SQL_EDITOR_EXECUTE_QUERY
7817093:ENTITY_EDITOR_OPEN:className=MySQLTable&driver=mysql:mysql8
7817143:DATA_EDIT_OPEN:objectType=MySQLTable
7889209:SQL_EDITOR_EXECUTE_QUERY
7954015:SQL_EDITOR_EXECUTE_QUERY
8013152:SQL_EDITOR_EXECUTE_QUERY
8015356:SQL_EDITOR_EXECUTE_QUERY_NEW
8015420:SQL_EDITOR_EXECUTE_QUERY
8043604:SQL_EDITOR_EXECUTE_QUERY
8087631:SQL_EDITOR_EXECUTE_QUERY
8126431:SQL_EDITOR_EXECUTE_QUERY
8161908:SQL_EDITOR_EXECUTE_QUERY
8230478:ENTITY_EDITOR_OPEN:className=MySQLTable&driver=mysql:mysql8
8230525:DATA_EDIT_OPEN:objectType=MySQLTable
8299254:SQL_EDITOR_EXECUTE_QUERY
8347676:SQL_SCRIPT_RECENT
8353167:SQL_EDITOR_OPEN:driver=mysql:mysql8
8457027:ENTITY_EDITOR_OPEN:className=MySQLTable&driver=mysql:mysql8
8457083:DATA_EDIT_OPEN:objectType=MySQLTable
8604073:SQL_EDITOR_EXECUTE_QUERY
8605056:SQL_EDITOR_EXECUTE_QUERY
8605470:SQL_EDITOR_EXECUTE_QUERY
8614855:SQL_EDITOR_EXECUTE_QUERY
8631836:SQL_EDITOR_EXECUTE_QUERY
8634768:SQL_EDITOR_EXECUTE_QUERY
8635436:SQL_EDITOR_EXECUTE_QUERY
8635665:SQL_EDITOR_EXECUTE_QUERY
8635915:SQL_EDITOR_EXECUTE_QUERY
8636167:SQL_EDITOR_EXECUTE_QUERY
8636368:SQL_EDITOR_EXECUTE_QUERY
8636556:SQL_EDITOR_EXECUTE_QUERY
8756230:SQL_EDITOR_EXECUTE_QUERY
8929210:SQL_EDITOR_EXECUTE_QUERY
8972307:ENTITY_EDITOR_OPEN:className=MySQLTable&driver=mysql:mysql8
8972358:DATA_EDIT_OPEN:objectType=MySQLTable
9001221:SQL_EDITOR_EXECUTE_QUERY
9009485:SQL_EDITOR_EXECUTE_QUERY
9010102:SQL_EDITOR_EXECUTE_QUERY
9010297:SQL_EDITOR_EXECUTE_QUERY
9010453:SQL_EDITOR_EXECUTE_QUERY
9048078:SQL_EDITOR_EXECUTE_QUERY
9055219:SQL_EDITOR_EXECUTE_QUERY
9135658:SQL_EDITOR_EXECUTE_QUERY
9164565:SQL_EDITOR_EXECUTE_QUERY
9204834:SQL_EDITOR_EXECUTE_QUERY
9254124:SQL_EDITOR_EXECUTE_QUERY
9278521:SQL_EDITOR_EXECUTE_QUERY
9304766:ENTITY_EDITOR_OPEN:className=MySQLTable&driver=mysql:mysql8
9304815:DATA_EDIT_OPEN:objectType=MySQLTable
9366794:ENTITY_EDITOR_OPEN:className=MySQLCatalog&driver=mysql:mysql8
9389190:SQL_EDITOR_EXECUTE_QUERY
9430884:SQL_EDITOR_EXECUTE_QUERY
9459577:SQL_EDITOR_EXECUTE_QUERY
9493301:ENTITY_EDITOR_OPEN:className=MySQLCatalog&driver=mysql:mysql8
9519132:ENTITY_EDITOR_OPEN:className=MySQLTable&driver=mysql:mysql8
9615113:SQL_EDITOR_EXECUTE_QUERY
9644198:SQL_EDITOR_EXECUTE_QUERY
9653276:DATA_EDIT_OPEN:objectType=MySQLTable
9663526:RESULT_SET_REFRESH
9665208:RESULT_SET_REFRESH
10809127:SQL_EDITOR_EXECUTE_QUERY
10824507:SQL_EDITOR_EXECUTE_QUERY
12444587:SQL_SCRIPT_NEW
12444728:SQL_EDITOR_OPEN:driver=mysql:mysql8
12467127:SQL_EDITOR_EXECUTE_QUERY
12470805:SQL_EDITOR_EXECUTE_QUERY
12484838:SQL_EDITOR_EXECUTE_QUERY
12529175:SQL_EDITOR_EXECUTE_QUERY
12562049:SQL_EDITOR_EXECUTE_QUERY
12711955:SQL_EDITOR_EXECUTE_QUERY
12740320:SQL_EDITOR_EXECUTE_QUERY
12787567:SQL_EDITOR_EXECUTE_QUERY
12814674:SQL_EDITOR_EXECUTE_QUERY
13000337:SQL_EDITOR_EXECUTE_QUERY
13038930:SQL_EDITOR_EXECUTE_QUERY
13119216:SQL_EDITOR_EXECUTE_QUERY
13386941:SQL_EDITOR_EXECUTE_QUERY
13405520:SQL_EDITOR_EXECUTE_QUERY
13415219:SQL_EDITOR_EXECUTE_QUERY
13415899:SQL_EDITOR_EXECUTE_QUERY
13456790:SQL_EDITOR_EXECUTE_QUERY
13459582:SQL_EDITOR_EXECUTE_QUERY
13497596:SQL_EDITOR_EXECUTE_QUERY
13522423:SQL_EDITOR_EXECUTE_QUERY
13529628:SQL_EDITOR_EXECUTE_QUERY
13614700:SQL_EDITOR_EXECUTE_QUERY
13627044:SQL_EDITOR_EXECUTE_QUERY
13683437:SQL_EDITOR_EXECUTE_QUERY
13684281:SQL_EDITOR_EXECUTE_QUERY
13685012:SQL_EDITOR_EXECUTE_QUERY
13693653:SQL_EDITOR_EXECUTE_QUERY
13800944:SQL_EDITOR_EXECUTE_QUERY
13805558:RESULT_SET_SCROLL
13808388:RESULT_SET_SCROLL
13826526:SQL_EDITOR_EXECUTE_QUERY
13833744:SQL_EDITOR_EXECUTE_QUERY
13843631:SQL_EDITOR_EXECUTE_QUERY
13856820:SQL_EDITOR_EXECUTE_QUERY
13864339:SQL_EDITOR_EXECUTE_QUERY
13866330:SQL_EDITOR_EXECUTE_QUERY
13873599:SQL_EDITOR_EXECUTE_QUERY
13877497:RESULT_SET_SCROLL
13888838:SQL_EDITOR_EXECUTE_QUERY
13896610:SQL_EDITOR_EXECUTE_QUERY
13901197:RESULT_SET_SCROLL
13906460:SQL_EDITOR_EXECUTE_QUERY
14070157:SQL_EDITOR_EXECUTE_QUERY
14376276:SQL_EDITOR_EXECUTE_QUERY
14416428:RESULT_SET_SCROLL
14426423:RESULT_SET_SCROLL
14432748:RESULT_SET_SCROLL
14462783:SQL_EDITOR_EXECUTE_QUERY
14540904:SQL_EDITOR_EXECUTE_QUERY
14557175:RESULT_SET_SCROLL
14584228:RESULT_SET_SCROLL
14615555:SQL_EDITOR_EXECUTE_QUERY
14835439:SQL_EDITOR_EXECUTE_QUERY
14840099:RESULT_SET_SCROLL
14893428:SQL_EDITOR_EXECUTE_QUERY
14899075:RESULT_SET_SCROLL
14903676:RESULT_SET_SCROLL
