2026-01-22 14:06:48.677 - DBeaver 25.3.3.202601181752 is starting
2026-01-22 14:06:48.678 - OS: Windows 11 10.0 (amd64)
2026-01-22 14:06:48.678 - Java version: 21.0.8 by Eclipse Adoptium (64bit)
2026-01-22 14:06:48.679 - Install path: 'C:\Users\adminn\AppData\Local\DBeaver'
2026-01-22 14:06:48.679 - Instance path: 'file:/C:/study/2. Database/'
2026-01-22 14:06:48.681 - Memory available 64Mb/1024Mb
2026-01-22 14:06:48.700 - Create display
2026-01-22 14:06:48.827 - Initialize desktop platform...
2026-01-22 14:06:48.995 - BounceCastle bundle found. Use JCE provider BC
> Start Core File Systems [org.eclipse.core.filesystem 1.11.400.v20251107-0507]
> Start Core Resource Management [org.eclipse.core.resources 3.23.100.v20251106-1705]
> Start 팀 지원 핵심 [org.eclipse.team.core 3.10.900.v20251104-0924]
> Start DBeaver UI Navigator [org.jkiss.dbeaver.ui.navigator 1.0.171.202601181752]
2026-01-22 14:06:49.279 - Initialize base platform...
2026-01-22 14:06:49.291 - send collected statistics
2026-01-22 14:06:49.306 - Platform initialized (479ms)
> Start Equinox Java Authentication and Authorization Service (JAAS) [org.eclipse.equinox.security 1.4.700.v20250622-1644]
> Start 인터넷 연결 관리 사용자 인터페이스 [org.eclipse.ui.net 1.5.500.v20250611-0855]
> Start Internet Connection Management [org.eclipse.core.net 1.5.800.v20250613-1119]
2026-01-22 14:06:49.434 - Proxy service 'org.eclipse.core.net.proxy.IProxyService' loaded
2026-01-22 14:06:49.717 - Error accessing instance server: java.net.ConnectException
2026-01-22 14:06:49.731 - Starting instance server at http://localhost:57126
2026-01-22 14:06:49.738 - Run workbench
> Start Eclipse e4 작업영역 SWT [org.eclipse.e4.ui.workbench.swt 0.17.1000.v20251023-0611]
> Start Eclipse Application Services [org.eclipse.e4.core.services 2.5.300.v20251112-1253]
> Start Eclipse UI Application Services [org.eclipse.e4.ui.services 1.6.600.v20251023-1358]
> Start Eclipse e4 Progress View [org.eclipse.e4.ui.progress 0.4.900.v20251023-1511]
> Start Eclipse Bindings Support [org.eclipse.e4.ui.bindings 0.14.800.v20250916-0937]
> Start Eclipse e4 core commands [org.eclipse.e4.core.commands 1.1.700.v20250916-0927]
> Start EMF XML/XMI Persistence [org.eclipse.emf.ecore.xmi 2.39.0.v20250910-1205]
> Start Eclipse CSS SWT Theme Support [org.eclipse.e4.ui.css.swt.theme 0.14.600.v20251023-0615]
> Start Eclipse e4 작업영역 기능 추가 [org.eclipse.e4.ui.workbench.addons.swt 1.5.900.v20251007-0832]
Warning: NLS unused message: WorkbenchPreference_reuseEditorsThreshold in: org.eclipse.ui.internal.messages
Warning: NLS unused message: 이유 in: org.eclipse.ui.internal.messages
> Start Eclipse e4 작업영역 SWT 렌더러 [org.eclipse.e4.ui.workbench.renderers.swt 0.16.1000.v20251114-0005]
> Start Eclipse Dependency Injection Extensions [org.eclipse.e4.core.di.extensions 0.18.300.v20240413-1529]
> Start DBeaver AI Model [org.jkiss.dbeaver.model.ai 2.0.14.202601181752]
> Start DBeaver AI UI [org.jkiss.dbeaver.ui.ai 1.0.73.202601181752]
> Start Eclipse CSS SWT Support [org.eclipse.e4.ui.css.swt 0.15.700.v20251023-1511]
> Start JFace 텍스트 [org.eclipse.jface.text 3.29.0.v20251112-0859]
2026-01-22 14:06:51.241 - Configure workbench window
> Start DBeaver SQL Model [org.jkiss.dbeaver.model.sql 1.0.161.202601181752]
2026-01-22 14:06:51.381 - Total database drivers: 127 (127)
> Start 도움말 시스템 코어 [org.eclipse.help 3.10.600.v20250613-0437]
2026-01-22 14:06:51.442 - Create actions
2026-01-22 14:06:51.857 - Initialize workbench window
2026-01-22 14:06:51.867 - Finish initialization
> Start 기본 문서 편집기 [org.eclipse.ui.editors 3.20.200.v20251125-0939]
> Start 텍스트 편집기 프레임워크 [org.eclipse.ui.workbench.texteditor 3.19.400.v20251105-0815]
> Start DBeaver UI Editors - Data [org.jkiss.dbeaver.ui.editors.data 1.0.171.202601181752]
> Start DBeaver UI Editors - SQL [org.jkiss.dbeaver.ui.editors.sql 1.0.171.202601181752]
Warning: NLS unused message: FindReplace_RegExCheckbox_label in: org.eclipse.ui.texteditor.EditorMessages
Warning: NLS unused message: FindReplace_WrapCheckBox_label in: org.eclipse.ui.texteditor.EditorMessages
Warning: NLS unused message: FindReplace_IncrementalCheckBox_label in: org.eclipse.ui.texteditor.EditorMessages
Warning: NLS unused message: FindReplace_Options in: org.eclipse.ui.texteditor.EditorMessages
Warning: NLS unused message: FindReplace_ReplaceSelectionButton_label in: org.eclipse.ui.texteditor.EditorMessages
Warning: NLS unused message: FindReplace_SelectedRangeRadioButton_label in: org.eclipse.ui.texteditor.EditorMessages
Warning: NLS unused message: FindReplace_SelectAllButton_label in: org.eclipse.ui.texteditor.EditorMessages
Warning: NLS unused message: FindReplace_GlobalRadioButton_label in: org.eclipse.ui.texteditor.EditorMessages
Warning: NLS unused message: FindReplace_WholeWordCheckBox_label in: org.eclipse.ui.texteditor.EditorMessages
Warning: NLS unused message: FindReplace_ReplaceFindButton_label in: org.eclipse.ui.texteditor.EditorMessages
Warning: NLS unused message: FindReplace_BackwardRadioButton_label in: org.eclipse.ui.texteditor.EditorMessages
Warning: NLS unused message: FindReplace_CloseButton_label in: org.eclipse.ui.texteditor.EditorMessages
Warning: NLS unused message: FindReplace_Replace_label in: org.eclipse.ui.texteditor.EditorMessages
Warning: NLS unused message: FindReplace_CaseCheckBox_label in: org.eclipse.ui.texteditor.EditorMessages
Warning: NLS unused message: FindReplace_Status_replacements_label in: org.eclipse.ui.texteditor.EditorMessages
Warning: NLS unused message: FindReplace_title in: org.eclipse.ui.texteditor.EditorMessages
Warning: NLS unused message: FindReplace_Direction in: org.eclipse.ui.texteditor.EditorMessages
Warning: NLS unused message: FindReplace_ReplaceAllButton_label in: org.eclipse.ui.texteditor.EditorMessages
Warning: NLS unused message: FindReplace_Scope in: org.eclipse.ui.texteditor.EditorMessages
Warning: NLS unused message: FindReplace_Find_label in: org.eclipse.ui.texteditor.EditorMessages
Warning: NLS unused message: FindReplace_ForwardRadioButton_label in: org.eclipse.ui.texteditor.EditorMessages
Warning: NLS unused message: FindReplace_FindNextButton_label in: org.eclipse.ui.texteditor.EditorMessages
> Start DBeaver SQL Terminal [org.jkiss.dbeaver.ui.editors.sql.terminal 1.0.147.202601181752]
2026-01-22 14:06:52.312 - Open [https://stats.dbeaver.com/send-statistics?session=9469aa58-c066-46bb-b4bc-59c3b5e685d9&time=1769058360]
> Start 핵심 비교 지원 [org.eclipse.compare.core 3.8.800.v20250718-1505]
2026-01-22 14:06:52.931 - Error sending statistics file 'C:\study\2. Database\.metadata\.activity-logs\1769058360_9469aa58-c066-46bb-b4bc-59c3b5e685d9.log'.
javax.net.ssl.SSLHandshakeException: PKIX path building failed: sun.security.provider.certpath.SunCertPathBuilderException: unable to find valid certification path to requested target
	at java.base/sun.security.ssl.Alert.createSSLException(Alert.java:130)
	at java.base/sun.security.ssl.TransportContext.fatal(TransportContext.java:383)
	at java.base/sun.security.ssl.TransportContext.fatal(TransportContext.java:326)
	at java.base/sun.security.ssl.TransportContext.fatal(TransportContext.java:321)
	at java.base/sun.security.ssl.CertificateMessage$T13CertificateConsumer.checkServerCerts(CertificateMessage.java:1327)
	at java.base/sun.security.ssl.CertificateMessage$T13CertificateConsumer.onConsumeCertificate(CertificateMessage.java:1204)
	at java.base/sun.security.ssl.CertificateMessage$T13CertificateConsumer.consume(CertificateMessage.java:1147)
	at java.base/sun.security.ssl.SSLHandshake.consume(SSLHandshake.java:393)
	at java.base/sun.security.ssl.HandshakeContext.dispatch(HandshakeContext.java:476)
	at java.base/sun.security.ssl.HandshakeContext.dispatch(HandshakeContext.java:447)
	at java.base/sun.security.ssl.TransportContext.dispatch(TransportContext.java:206)
	at java.base/sun.security.ssl.SSLTransport.decode(SSLTransport.java:172)
	at java.base/sun.security.ssl.SSLSocketImpl.decode(SSLSocketImpl.java:1506)
	at java.base/sun.security.ssl.SSLSocketImpl.readHandshakeRecord(SSLSocketImpl.java:1421)
	at java.base/sun.security.ssl.SSLSocketImpl.startHandshake(SSLSocketImpl.java:455)
	at java.base/sun.security.ssl.SSLSocketImpl.startHandshake(SSLSocketImpl.java:426)
	at java.base/sun.net.www.protocol.https.HttpsClient.afterConnect(HttpsClient.java:586)
	at java.base/sun.net.www.protocol.https.AbstractDelegateHttpsURLConnection.connect(AbstractDelegateHttpsURLConnection.java:187)
	at java.base/sun.net.www.protocol.http.HttpURLConnection.getOutputStream0(HttpURLConnection.java:1462)
	at java.base/sun.net.www.protocol.http.HttpURLConnection.getOutputStream(HttpURLConnection.java:1433)
	at java.base/sun.net.www.protocol.https.HttpsURLConnectionImpl.getOutputStream(HttpsURLConnectionImpl.java:219)
	at org.jkiss.dbeaver.ui.statistics.StatisticsTransmitter.sendLogFile(StatisticsTransmitter.java:149)
	at org.jkiss.dbeaver.ui.statistics.StatisticsTransmitter.sendStatistics(StatisticsTransmitter.java:110)
	at org.jkiss.dbeaver.ui.statistics.StatisticsTransmitter$1.run(StatisticsTransmitter.java:70)
	at org.jkiss.dbeaver.model.runtime.AbstractJob.run(AbstractJob.java:110)
	at org.eclipse.core.internal.jobs.Worker.run(Worker.java:63)
Caused by: sun.security.validator.ValidatorException: PKIX path building failed: sun.security.provider.certpath.SunCertPathBuilderException: unable to find valid certification path to requested target
	at java.base/sun.security.validator.PKIXValidator.doBuild(PKIXValidator.java:388)
	at java.base/sun.security.validator.PKIXValidator.engineValidate(PKIXValidator.java:271)
	at java.base/sun.security.validator.Validator.validate(Validator.java:256)
	at java.base/sun.security.ssl.X509TrustManagerImpl.checkTrusted(X509TrustManagerImpl.java:230)
	at java.base/sun.security.ssl.X509TrustManagerImpl.checkServerTrusted(X509TrustManagerImpl.java:132)
	at java.base/sun.security.ssl.CertificateMessage$T13CertificateConsumer.checkServerCerts(CertificateMessage.java:1311)
	... 21 more
Caused by: sun.security.provider.certpath.SunCertPathBuilderException: unable to find valid certification path to requested target
	at java.base/sun.security.provider.certpath.SunCertPathBuilder.build(SunCertPathBuilder.java:148)
	at java.base/sun.security.provider.certpath.SunCertPathBuilder.engineBuild(SunCertPathBuilder.java:129)
	at java.base/java.security.cert.CertPathBuilder.build(CertPathBuilder.java:297)
	at java.base/sun.security.validator.PKIXValidator.doBuild(PKIXValidator.java:383)
	... 26 more
> Start DBeaver Sample Database [org.jkiss.dbeaver.ui.config.sample 1.0.208.202601181752]
> Start DBeaver Dashboard UI [org.jkiss.dbeaver.ui.dashboard 1.0.168.202601181752]
> Start GEF Classic Draw2d [org.eclipse.draw2d 3.21.0.202512020742]
> Start GEF Classic GEF (MVC) [org.eclipse.gef 3.24.0.202511201732]
> Start DBeaver ERD UI [org.jkiss.dbeaver.ui.editors.erd 3.1.12.202601181752]
> Start DBeaver ERD Model [org.jkiss.dbeaver.model.erd 1.1.12.202601181752]
> Start DBeaver JDBC Model [org.jkiss.dbeaver.model.jdbc 1.0.64.202601181752]
> Start DBeaver MySQL Support [org.jkiss.dbeaver.ext.mysql 2.1.256.202601181752]
> Start 콘솔 [org.eclipse.ui.console 3.15.0.v20251113-1013]
> Start 디버그 핵심 [org.eclipse.debug.core 3.23.200.v20251107-0507]
> Start DBeaver Tasks - Native Tools UI [org.jkiss.dbeaver.tasks.native.ui 1.0.149.202601181752]
> Start DBeaver MySQL UI Support [org.jkiss.dbeaver.ext.mysql.ui 1.0.163.202601181752]
> Start DBeaver Tasks - General UI [org.jkiss.dbeaver.tasks.ui 1.0.149.202601181752]
2026-01-22 14:06:54.453 - Connect with 'localhost' (mysql8-19be3363e03-3b7f8b7c5f880443)
2026-01-22 14:06:54.477 - Execution context opened (localhost; Main; 0)
> Start DBeaver GIS Support [org.jkiss.dbeaver.data.gis 1.0.195.202601181752]
> Start DBeaver SQL Language Semantic Model [org.jkiss.dbeaver.model.lsm 1.0.66.202601181752]
2026-01-22 14:06:58.600 - Connect with 'localhost' (mysql8-19be3363e03-3b7f8b7c5f880443)
2026-01-22 14:06:58.601 - Execution context opened (localhost; Main; 1)
2026-01-22 14:07:00.453 - Connect with 'localhost' (mysql8-19be3363e03-3b7f8b7c5f880443)
2026-01-22 14:07:00.453 - Execution context opened (localhost; Main; 2)
2026-01-22 14:07:14.563 - Connect with 'localhost' (mysql8-19be3363e03-3b7f8b7c5f880443)
2026-01-22 14:07:14.563 - Execution context opened (localhost; Main; 3)
2026-01-22 14:07:42.513 - Connect with 'localhost' (mysql8-19be3363e03-3b7f8b7c5f880443)
2026-01-22 14:07:42.514 - Execution context opened (localhost; Main; 4)
2026-01-22 14:08:18.150 - Connect with 'localhost' (mysql8-19be3363e03-3b7f8b7c5f880443)
2026-01-22 14:08:18.151 - Execution context opened (localhost; Main; 5)
2026-01-22 14:08:30.179 - Connect with 'localhost' (mysql8-19be3363e03-3b7f8b7c5f880443)
2026-01-22 14:08:30.180 - Execution context opened (localhost; Main; 6)
2026-01-22 14:08:57.430 - Service 'org.jkiss.dbeaver.ui.UIServiceConnectionEditor' not found
2026-01-22 14:08:57.455 - Service 'org.jkiss.dbeaver.runtime.ui.UIServiceSecurity' not found
2026-01-22 14:09:07.025 - Connect with 'localhost' (mysql8-19be3363e03-3b7f8b7c5f880443)
2026-01-22 14:09:07.025 - Execution context opened (localhost; Main; 7)
2026-01-22 14:09:10.047 - Connect with 'localhost' (mysql8-19be3363e03-3b7f8b7c5f880443)
2026-01-22 14:09:10.049 - Execution context opened (localhost; Main; 8)
2026-01-22 14:09:12.325 - Connect with 'localhost 2' (mysql8-19be41b0fc1-359d8ba7bcb38111)
2026-01-22 14:09:12.326 - Execution context opened (localhost 2; Main; 9)
2026-01-22 14:10:21.627 - Connect with 'localhost' (mysql8-19be3363e03-3b7f8b7c5f880443)
2026-01-22 14:10:21.629 - Execution context opened (localhost; Main; 10)
> Start Data Transfer UI [org.jkiss.dbeaver.data.transfer.ui 1.0.155.202601181752]
2026-01-22 14:10:28.113 - Service 'org.jkiss.dbeaver.ui.UIServiceConnectionEditor' not found
2026-01-22 14:10:28.129 - Service 'org.jkiss.dbeaver.runtime.ui.UIServiceSecurity' not found
> Start DBeaver Data Transfer [org.jkiss.dbeaver.data.transfer 2.0.155.202601181752]
2026-01-22 14:10:47.621 - Service 'org.jkiss.dbeaver.ui.UIServiceConnectionEditor' not found
2026-01-22 14:10:47.635 - Service 'org.jkiss.dbeaver.runtime.ui.UIServiceSecurity' not found
2026-01-22 14:10:54.864 - Connect with 'localhost 2' (mysql8-19be41cda7e-76509f22aa4fb9cb)
2026-01-22 14:10:54.866 - Execution context opened (localhost 2; Main; 11)
2026-01-22 14:10:54.976 - Connected (mysql8-19be41cda7e-76509f22aa4fb9cb, MySQL Connector/J [mysql-connector-j-8.2.0 (Revision: 06a1f724497fd81c6a659131fda822c9e5085b6c)])
2026-01-22 14:10:54.989 - Execution context closed (localhost 2, 11)
2026-01-22 14:10:54.989 - Disconnected (mysql8-19be41cda7e-76509f22aa4fb9cb)
2026-01-22 14:10:59.046 - Connect with 'localhost' (mysql8-19be3363e03-3b7f8b7c5f880443)
2026-01-22 14:10:59.046 - Execution context opened (localhost; Main; 12)
2026-01-22 14:10:59.048 - Execution context opened (localhost; Metadata; 13)
2026-01-22 14:10:59.063 - Connected (mysql8-19be3363e03-3b7f8b7c5f880443, MySQL Connector/J [mysql-connector-j-8.2.0 (Revision: 06a1f724497fd81c6a659131fda822c9e5085b6c)])
2026-01-22 14:10:59.066 - Execution context opened (localhost; SQLEditor <Script-1.sql>; 14)
2026-01-22 14:11:07.112 - Table 'employees.member_default' not found in metadata catalog
2026-01-22 14:11:07.112 - Table 'employees.member_default' not found in metadata catalog
2026-01-22 14:17:49.782 - Table 'employees.member_pk' not found in metadata catalog
2026-01-22 14:17:49.783 - Table 'employees.member_pk' not found in metadata catalog
2026-01-22 14:17:56.556 - Table 'employees.member_pk' not found in metadata catalog
2026-01-22 14:17:56.556 - Table 'employees.member_pk' not found in metadata catalog
2026-01-22 14:33:26.131 - Application goes into sleep mode
2026-01-22 14:33:38.753 - Application wakes
2026-01-22 14:43:45.036 - Error while analyzing query text: CREATE TABLE board_foreign(
	board_foreign_id int PRIMARY KEY AUTO_INCREMENT,
	title varchar(300),
	writer_id int REFERENCES member_primary(member_primary_id)
)
java.lang.IllegalStateException: Rows data was not resolved yet
	at org.jkiss.dbeaver.model.sql.semantics.model.select.SQLQueryRowsSourceModel.getRowsDataContext(SQLQueryRowsSourceModel.java:52)
	at org.jkiss.dbeaver.model.sql.semantics.model.ddl.SQLQueryColumnConstraintSpec.propagateForReferencedEntity(SQLQueryColumnConstraintSpec.java:118)
	at org.jkiss.dbeaver.model.sql.semantics.model.ddl.SQLQueryColumnConstraintSpec.resolveRelations(SQLQueryColumnConstraintSpec.java:91)
	at org.jkiss.dbeaver.model.sql.semantics.model.ddl.SQLQueryColumnSpec.resolveRelations(SQLQueryColumnSpec.java:114)
	at org.jkiss.dbeaver.model.sql.semantics.model.ddl.SQLQueryTableCreateModel.resolveObjectAndRowsReferences(SQLQueryTableCreateModel.java:135)
	at org.jkiss.dbeaver.model.sql.semantics.model.SQLQueryModel.resolveRelations(SQLQueryModel.java:72)
	at org.jkiss.dbeaver.model.sql.semantics.SQLQueryModelRecognizer.recognizeQuery(SQLQueryModelRecognizer.java:154)
	at org.jkiss.dbeaver.model.sql.semantics.SQLQueryModelRecognizer.recognizeQuery(SQLQueryModelRecognizer.java:1026)
	at org.jkiss.dbeaver.ui.editors.sql.semantics.SQLBackgroundParsingJob.doWork(SQLBackgroundParsingJob.java:606)
	at org.jkiss.dbeaver.ui.editors.sql.semantics.SQLBackgroundParsingJob$1.run(SQLBackgroundParsingJob.java:86)
	at org.jkiss.dbeaver.model.runtime.AbstractJob.run(AbstractJob.java:110)
	at org.eclipse.core.internal.jobs.Worker.run(Worker.java:63)
2026-01-22 14:44:52.127 - Table 'employees.member_primary' not found in metadata catalog
2026-01-22 14:44:52.127 - Table 'employees.member_primary' not found in metadata catalog
2026-01-22 14:52:27.230 - Table 'employees.member_primary' not found in metadata catalog
2026-01-22 14:52:27.230 - Table 'employees.member_primary' not found in metadata catalog
2026-01-22 14:52:36.610 - Table 'employees.member_primary' not found in metadata catalog
2026-01-22 14:52:36.610 - Table 'employees.member_primary' not found in metadata catalog
2026-01-22 14:52:57.898 - Table 'employees.board_foreign' not found in metadata catalog
2026-01-22 14:52:57.898 - Table 'employees.board_foreign' not found in metadata catalog
2026-01-22 14:52:57.898 - Table 'employees.board_foreign' not found in metadata catalog
2026-01-22 14:53:07.460 - Table 'employees.board_foreign' not found in metadata catalog
2026-01-22 14:53:07.460 - Table 'employees.board_foreign' not found in metadata catalog
2026-01-22 14:53:07.460 - Table 'employees.board_foreign' not found in metadata catalog
2026-01-22 14:53:12.208 - Table 'employees.board_foreign' not found in metadata catalog
2026-01-22 14:53:12.208 - Table 'employees.board_foreign' not found in metadata catalog
2026-01-22 14:53:12.208 - Table 'employees.board_foreign' not found in metadata catalog
2026-01-22 14:53:15.836 - Table 'employees.board_foreign' not found in metadata catalog
2026-01-22 14:53:15.836 - Table 'employees.board_foreign' not found in metadata catalog
2026-01-22 14:53:15.836 - Table 'employees.board_foreign' not found in metadata catalog
2026-01-22 15:09:01.697 - Table 'employees.member_primary' not found in metadata catalog
2026-01-22 15:09:01.697 - Table 'employees.member_primary' not found in metadata catalog
2026-01-22 15:09:24.837 - Table 'employees.board_foreign' not found in metadata catalog
2026-01-22 15:09:24.837 - Table 'employees.board_foreign' not found in metadata catalog
2026-01-22 15:09:24.837 - Table 'employees.board_foreign' not found in metadata catalog
2026-01-22 15:09:35.329 - Table 'employees.board_foreign' not found in metadata catalog
2026-01-22 15:09:35.329 - Table 'employees.board_foreign' not found in metadata catalog
2026-01-22 15:09:35.329 - Table 'employees.board_foreign' not found in metadata catalog
2026-01-22 15:09:57.233 - Error while analyzing query text: CREATE TABLE board_foreign(
	board_foreign_id int PRIMARY KEY AUTO_INCREMENT,
	title varchar(300),
	writer_id int,
	CONSTRAINT fk_writer FOREIGN KEY (writer_id)
	REFERENCES member_primary(member_primary_id)
	ON DELETE SET null
)
java.lang.IllegalStateException: Rows data was not resolved yet
	at org.jkiss.dbeaver.model.sql.semantics.model.select.SQLQueryRowsSourceModel.getRowsDataContext(SQLQueryRowsSourceModel.java:52)
	at org.jkiss.dbeaver.model.sql.semantics.model.ddl.SQLQueryColumnConstraintSpec.propagateForReferencedEntity(SQLQueryColumnConstraintSpec.java:118)
	at org.jkiss.dbeaver.model.sql.semantics.model.ddl.SQLQueryTableConstraintSpec.resolveRelations(SQLQueryTableConstraintSpec.java:116)
	at org.jkiss.dbeaver.model.sql.semantics.model.ddl.SQLQueryTableCreateModel.resolveObjectAndRowsReferences(SQLQueryTableCreateModel.java:139)
	at org.jkiss.dbeaver.model.sql.semantics.model.SQLQueryModel.resolveRelations(SQLQueryModel.java:72)
	at org.jkiss.dbeaver.model.sql.semantics.SQLQueryModelRecognizer.recognizeQuery(SQLQueryModelRecognizer.java:154)
	at org.jkiss.dbeaver.model.sql.semantics.SQLQueryModelRecognizer.recognizeQuery(SQLQueryModelRecognizer.java:1026)
	at org.jkiss.dbeaver.ui.editors.sql.semantics.SQLBackgroundParsingJob.doWork(SQLBackgroundParsingJob.java:606)
	at org.jkiss.dbeaver.ui.editors.sql.semantics.SQLBackgroundParsingJob$1.run(SQLBackgroundParsingJob.java:86)
	at org.jkiss.dbeaver.model.runtime.AbstractJob.run(AbstractJob.java:110)
	at org.eclipse.core.internal.jobs.Worker.run(Worker.java:63)
2026-01-22 15:10:09.202 - Table 'employees.member_primary' not found in metadata catalog
2026-01-22 15:10:09.202 - Table 'employees.member_primary' not found in metadata catalog
2026-01-22 15:10:30.917 - Table 'employees.board_foreign' not found in metadata catalog
2026-01-22 15:10:30.917 - Table 'employees.board_foreign' not found in metadata catalog
2026-01-22 15:10:30.917 - Table 'employees.board_foreign' not found in metadata catalog
2026-01-22 15:10:41.814 - Table 'employees.board_foreign' not found in metadata catalog
2026-01-22 15:10:41.814 - Table 'employees.board_foreign' not found in metadata catalog
2026-01-22 15:10:41.814 - Table 'employees.board_foreign' not found in metadata catalog
2026-01-22 15:13:14.882 - Table 'employees.board_foreign' not found in metadata catalog
2026-01-22 15:13:14.882 - Table 'employees.board_foreign' not found in metadata catalog
2026-01-22 15:13:14.882 - Table 'employees.board_foreign' not found in metadata catalog
2026-01-22 15:13:21.370 - Table 'employees.member_primary' not found in metadata catalog
2026-01-22 15:13:21.370 - Table 'employees.member_primary' not found in metadata catalog
2026-01-22 15:13:25.664 - Table 'employees.board_foreign' not found in metadata catalog
2026-01-22 15:13:25.664 - Table 'employees.board_foreign' not found in metadata catalog
2026-01-22 15:13:25.664 - Table 'employees.board_foreign' not found in metadata catalog
2026-01-22 15:31:00.374 - Execution context opened (localhost; SQLEditor <Script-2.sql>; 15)
2026-01-22 15:53:00.410 - Execution context opened (localhost; SQLEditor <Script-2.sql>; 16)
2026-01-22 16:00:18.171 - Execution context opened (localhost; SQLEditor <Script.sql>; 17)
2026-01-22 16:00:19.802 - Connect with 'localhost 2' (mysql8-19be41b0fc1-359d8ba7bcb38111)
2026-01-22 16:00:19.803 - Execution context opened (localhost 2; Main; 18)
2026-01-22 16:00:19.806 - Execution context opened (localhost 2; Metadata; 19)
2026-01-22 16:00:19.821 - Connected (mysql8-19be41b0fc1-359d8ba7bcb38111, MySQL Connector/J [mysql-connector-j-8.2.0 (Revision: 06a1f724497fd81c6a659131fda822c9e5085b6c)])
2026-01-22 16:00:26.955 - Can't get column 'password': Column 'password' not found.
2026-01-22 16:07:39.217 - Delete empty SQL script '\General\Scripts\Script-2.sql'
2026-01-22 16:07:39.229 - Execution context closed (localhost, 16)
2026-01-22 16:08:17.050 - Node 'ddl_alter' not found in parent node 'node://General/datasources/mysql8-19be3363e03-3b7f8b7c5f880443/database/employees/table'.
Allowed children: [employees.departments, employees.dept_emp, employees.dept_manager, employees.employees, employees.member_check, employees.member_default, employees.member_notnull, employees.salaries, employees.test_employees, employees.titles]
2026-01-22 16:08:19.046 - Execution context opened (localhost; SQLEditor <1. DML, DDL 정리.sql>; 20)
2026-01-22 16:08:19.903 - Execution context closed (localhost, 20)
2026-01-22 16:08:21.975 - Execution context closed (localhost, 14)
2026-01-22 16:24:34.694 - Execution context closed (localhost, 17)
2026-01-22 16:26:01.310 - Execution context opened (localhost; SQLEditor <Script.sql>; 21)
2026-01-22 16:42:49.262 - Source or target node not found
2026-01-22 16:42:49.262 - Source or target node not found
2026-01-22 16:42:49.262 - Source or target node not found
2026-01-22 16:42:49.262 - Source or target node not found
2026-01-22 16:45:04.676 - Object 'board_foreign' not found in struct cache ()
2026-01-22 16:45:04.676 - Object 'member_pk' not found in struct cache ()
2026-01-22 16:45:04.676 - Object 'member_primary' not found in struct cache ()
2026-01-22 16:45:04.676 - Object 'board_foreign' not found in struct cache ()
2026-01-22 16:45:04.676 - Object 'member_pk' not found in struct cache ()
2026-01-22 16:45:04.676 - Object 'member_primary' not found in struct cache ()
2026-01-22 16:45:04.676 - Object 'board_foreign' not found in struct cache ()
2026-01-22 16:45:04.677 - Object 'PRIMARY' owner 'board_foreign' not found
2026-01-22 16:45:04.677 - Object 'PRIMARY' owner 'member_pk' not found
2026-01-22 16:45:04.677 - Object 'PRIMARY' owner 'member_primary' not found
2026-01-22 16:45:09.571 - Object 'fk_writer' owner 'board_foreign' not found
2026-01-22 16:45:09.571 - Object 'PRIMARY' owner 'board_foreign' not found
2026-01-22 16:45:09.571 - Object 'PRIMARY' owner 'member_pk' not found
2026-01-22 16:45:09.571 - Object 'PRIMARY' owner 'member_primary' not found
2026-01-22 17:26:33.641 - Application goes into sleep mode
2026-01-22 17:27:02.691 - Application wakes
2026-01-22 17:34:12.898 - Execution context opened (localhost; SQLEditor <Script-2.sql>; 22)
